2022-10-04/22:58:26 [Error] RegisterClientHandler not find player by cookie
2022-10-04/22:58:26 [Error] RegisterClientHandler not find player by cookie
2022-10-04/22:58:33 [Error] RegisterClientHandler not find player by cookie
2022-10-04/22:58:33 [Error] RegisterClientHandler not find player by cookie
2022-10-04/23:50:15 [Error] RegisterClientHandler not find player by cookie
2022-10-04/23:50:15 [Error] RegisterClientHandler not find player by cookie
2022-10-04/23:57:52 [Error] RegisterClientHandler not find player by cookie
2022-10-04/23:57:52 [Error] RegisterClientHandler not find player by cookie
2022-10-05/00:00:35 [Error] RegisterClientHandler not find player by cookie
2022-10-05/00:00:35 [Error] RegisterClientHandler not find player by cookie
2022-10-05/00:23:43 [Error] RegisterClientHandler not find player by cookie
2022-10-05/00:24:03 [Error] RegisterClientHandler call mysqlsvr function RegisterClinet err:time out context current handle function:RegisterClinet
2022-10-05/00:25:35 [Error] RegisterClientHandler not find player by cookie
2022-10-05/00:25:35 [Error] RegisterClientHandler not find player by cookie
2022-10-05/00:26:44 [Error] RegisterClientHandler not find player by cookie
2022-10-05/00:27:04 [Error] RegisterClientHandler call mysqlsvr function RegisterClinet err:time out context current handle function:RegisterClient
2022-10-05/00:28:18 [Error] RegisterClientHandler not find player by cookie
2022-10-05/00:28:18 [Error] Mysqlsvr::RegisterClient save role err: Error 1048: Column 'in_db_time' cannot be null
2022-10-05/00:33:07 [Error] RegisterClientHandler not find player by cookie
2022-10-05/00:35:03 [Error] RegisterClientHandler not find player by cookie
2022-10-05/00:57:26 [Error] RegisterClientHandler not find player by cookie
2022-10-05/01:02:12 [Error] RegisterClientHandler not find player by cookie
2022-10-05/18:21:52 [Error] RegisterClientHandler not find player by cookie
2022-10-05/18:32:56 [Error] RegisterClientHandler not find player by cookie
2022-10-05/18:33:11 [Error] RegisterClientHandler not find player by cookie
2022-10-05/18:34:12 [Error] RegisterClientHandler not find player by cookie
2022-10-05/18:34:20 [Error] RegisterClientHandler not find player by cookie
2022-10-05/18:49:23 [Error] RegisterClientHandler not find player by cookie
2022-10-05/18:49:28 [Error] RegisterClientHandler not find player by cookie
2022-10-05/18:50:10 [Error] RegisterClientHandler not find player by cookie
2022-10-05/18:53:51 [Error] RegisterClientHandler not find player by cookie
2022-10-05/18:53:51 [Error] RegisterClientHandler not find player by cookie
2022-10-05/18:55:50 [Error] RegisterClientHandler not find player by cookie
2022-10-05/18:55:50 [Error] RegisterClientHandler not find player by cookie
2022-10-05/18:55:55 [Error] RegisterClientHandler not find player by cookie
2022-10-05/18:55:55 [Error] RegisterClientHandler not find player by cookie
2022-10-05/19:51:21 [Error] RegisterClientHandler not find player by cookie
2022-10-05/19:51:38 [Error] RegisterClientHandler not find player by cookie
2022-10-05/19:57:11 [Error] RegisterClientHandler not find player by cookie
2022-10-05/19:57:11 [Error] RegisterClientHandler not find player by cookie
2022-10-05/19:57:13 [Error] RegisterClientHandler not find player by cookie
2022-10-05/19:57:13 [Error] RegisterClientHandler not find player by cookie
2022-10-05/19:57:37 [Error] RegisterClientHandler not find player by cookie
2022-10-05/19:57:37 [Error] RegisterClientHandler not find player by cookie
2022-10-05/19:57:53 [Error] RegisterClientHandler not find player by cookie
2022-10-05/19:57:53 [Error] RegisterClientHandler not find player by cookie
2022-10-05/19:58:21 [Error] RegisterClientHandler not find player by cookie
2022-10-05/19:58:21 [Error] RegisterClientHandler not find player by cookie
2022-10-05/20:01:15 [Error] RegisterClientHandler not find player by cookie
2022-10-05/20:01:19 [Error] RegisterClientHandler not find player by cookie
2022-10-05/20:01:23 [Error] RegisterClientHandler not find player by cookie
2022-10-05/20:01:25 [Error] RegisterClientHandler not find player by cookie
2022-10-05/20:01:26 [Error] RegisterClientHandler not find player by cookie
2022-10-05/20:01:28 [Error] RegisterClientHandler not find player by cookie
2022-10-05/20:01:29 [Error] RegisterClientHandler not find player by cookie
2022-10-05/20:01:29 [Error] RegisterClientHandler not find player by cookie
2022-10-05/20:01:29 [Error] RegisterClientHandler not find player by cookie
2022-10-05/20:01:29 [Error] RegisterClientHandler not find player by cookie
2022-10-05/20:01:29 [Error] RegisterClientHandler not find player by cookie
2022-10-05/20:01:30 [Error] RegisterClientHandler not find player by cookie
2022-10-05/20:01:30 [Error] RegisterClientHandler not find player by cookie
2022-10-05/20:09:33 [Error] GetClientsHandler not find player by cookie
2022-10-05/20:09:56 [Error] GetClientsHandler not find player by cookie
2022-10-05/20:18:37 [Error] GetClientsHandler not find player by cookie
2022-10-05/20:20:17 [Error] GetClientsHandler not find player by cookie
2022-10-05/20:22:21 [Error] GetClientsHandler not find player by cookie
2022-10-05/20:23:05 [Error] GetClientsHandler not find player by cookie
2022-10-05/20:23:37 [Error] GetClientsHandler not find player by cookie
2022-10-05/20:24:35 [Error] GetClientsHandler not find player by cookie
2022-10-05/20:25:13 [Error] GetClientsHandler not find player by cookie
2022-10-05/20:26:56 [Error] GetClientsHandler not find player by cookie
2022-10-05/20:27:36 [Error] GetClientsHandler not find player by cookie
2022-10-05/20:27:54 [Error] GetClientsHandler not find player by cookie
2022-10-05/20:28:03 [Error] GetClientsHandler not find player by cookie
2022-10-06/11:50:09 [Error] GetClientsHandler not find player by cookie
2022-10-06/11:50:09 [Error] GetClientsHandler ExpandResult err:ExpandResult: 第0个参数[controller.Clients无法给[]*structure.Client赋值].
2022-10-06/11:50:46 [Error] GetClientsHandler not find player by cookie
2022-10-06/11:50:46 [Error] GetClientsHandler ExpandResult err:ExpandResult: 第0个参数[controller.Clients无法给[]*structure.Client赋值].
2022-10-06/11:53:22 [Error] GetClientsHandler not find player by cookie
2022-10-06/11:53:22 [Error] GetClientsHandler not find player by cookie
2022-10-06/11:53:32 [Error] GetClientsHandler not find player by cookie
2022-10-06/11:54:35 [Error] GetClientsHandler not find player by cookie
2022-10-06/11:55:20 [Error] GetClientsHandler not find player by cookie
2022-10-06/12:00:14 [Error] GetClientsHandler not find player by cookie
2022-10-06/12:02:11 [Error] GetClientsHandler not find player by cookie
2022-10-06/12:02:21 [Error] GetClientsHandler not find player by cookie
2022-10-06/12:03:35 [Error] GetClientsHandler not find player by cookie
2022-10-06/12:04:37 [Error] GetClientsHandler not find player by cookie
2022-10-06/12:07:48 [Error] GetClientsHandler not find player by cookie
2022-10-06/12:08:04 [Error] GetClientsHandler not find player by cookie
2022-10-06/12:08:48 [Error] GetClientsHandler not find player by cookie
2022-10-06/12:09:13 [Error] GetClientsHandler not find player by cookie
2022-10-06/12:09:25 [Error] GetClientsHandler not find player by cookie
2022-10-06/12:10:09 [Error] GetClientsHandler not find player by cookie
2022-10-06/12:12:07 [Error] GetClientsHandler not find player by cookie
2022-10-06/12:12:10 [Error] GetClientsHandler not find player by cookie
2022-10-06/12:12:12 [Error] GetClientsHandler not find player by cookie
2022-10-06/14:02:51 [Error] GetClientsHandler not find player by cookie
2022-10-06/14:02:51 [Error] GetClientsHandler not find player by cookie
2022-10-06/14:03:44 [Error] GetClientsHandler not find player by cookie
2022-10-06/14:03:44 [Error] GetClientsHandler not find player by cookie
2022-10-06/14:04:20 [Error] GetClientsHandler not find player by cookie
2022-10-06/14:04:20 [Error] GetClientsHandler not find player by cookie
2022-10-06/14:04:52 [Error] GetClientsHandler not find player by cookie
2022-10-06/14:06:32 [Error] GetClientsHandler not find player by cookie
2022-10-06/14:08:11 [Error] GetClientsHandler not find player by cookie
2022-10-06/14:09:12 [Error] RegisterClientHandler not find player by cookie
2022-10-06/14:11:09 [Error] GetClientsHandler not find player by cookie
2022-10-06/14:29:27 [Error] GetClientsHandler not find player by cookie
2022-10-06/14:29:37 [Error] GetClientsHandler not find player by cookie
2022-10-06/14:29:46 [Error] GetClientsHandler not find player by cookie
2022-10-06/14:30:17 [Error] GetClientsHandler not find player by cookie
2022-10-06/14:30:59 [Error] GetClientsHandler not find player by cookie
2022-10-06/14:32:09 [Error] GetClientsHandler not find player by cookie
2022-10-06/14:36:37 [Error] GetClientsHandler not find player by cookie
2022-10-06/14:37:08 [Error] GetClientsHandler not find player by cookie
2022-10-06/14:41:16 [Error] GetClientsHandler not find player by cookie
2022-10-06/14:41:25 [Error] GetClientsHandler not find player by cookie
2022-10-06/14:42:12 [Error] GetClientsHandler not find player by cookie
2022-10-06/14:46:05 [Error] GetClientsHandler not find player by cookie
2022-10-06/14:46:12 [Error] GetClientsHandler not find player by cookie
2022-10-06/14:49:32 [Error] GetClientsHandler not find player by cookie
2022-10-06/14:49:38 [Error] GetClientsHandler not find player by cookie
2022-10-06/14:49:46 [Error] GetClientsHandler not find player by cookie
2022-10-06/14:49:51 [Error] GetClientsHandler not find player by cookie
2022-10-06/14:49:57 [Error] GetClientsHandler not find player by cookie
2022-10-06/18:52:32 [Error] GetClientsHandler not find player by cookie
2022-10-06/18:52:32 [Error] GetClientsHandler not find player by cookie
2022-10-06/18:53:45 [Error] GetClientsHandler not find player by cookie
2022-10-06/18:53:45 [Error] GetClientsHandler not find player by cookie
2022-10-06/18:53:50 [Error] GetClientsHandler not find player by cookie
2022-10-06/18:53:50 [Error] GetClientsHandler not find player by cookie
2022-10-06/19:08:05 [Error] GetClientsHandler not find player by cookie
2022-10-06/19:08:05 [Error] GetClientsHandler not find player by cookie
2022-10-06/19:08:12 [Error] GetClientsHandler not find player by cookie
2022-10-06/19:09:53 [Error] GetClientsHandler not find player by cookie
2022-10-06/19:10:49 [Error] GetClientsHandler not find player by cookie
2022-10-06/19:11:29 [Error] GetClientsHandler not find player by cookie
2022-10-07/13:25:39 [Error] GetClientsHandler not find player by cookie
2022-10-07/13:29:40 [Error] GetClientsHandler not find player by cookie
2022-10-07/13:30:27 [Error] GetClientsHandler not find player by cookie
2022-10-07/13:34:58 [Error] GetClientsHandler not find player by cookie
2022-10-07/13:35:48 [Error] GetClientsHandler not find player by cookie
2022-10-07/13:39:29 [Error] GetClientsHandler not find player by cookie
2022-10-07/13:39:48 [Error] GetClientsHandler not find player by cookie
2022-10-07/13:40:17 [Error] GetClientsHandler not find player by cookie
2022-10-07/13:41:29 [Error] GetClientsHandler not find player by cookie
2022-10-07/13:41:54 [Error] GetClientsHandler not find player by cookie
2022-10-07/13:48:41 [Error] GetClientsHandler not find player by cookie
2022-10-07/13:54:05 [Error] GetClientsHandler not find player by cookie
2022-10-07/13:54:05 [Error] GetClientsHandler not find player by cookie
2022-10-07/13:57:58 [Error] GetClientsHandler not find player by cookie
2022-10-07/13:59:27 [Error] GetClientsHandler not find player by cookie
2022-10-07/14:02:06 [Error] GetClientsHandler not find player by cookie
2022-10-07/14:07:03 [Error] GetClientsHandler not find player by cookie
2022-10-07/14:07:36 [Error] GetClientsHandler not find player by cookie
2022-10-07/14:08:12 [Error] GetClientsHandler not find player by cookie
2022-10-07/14:08:54 [Error] GetClientsHandler not find player by cookie
2022-10-07/14:19:51 [Error] RegisterClientHandler not find player by cookie
2022-10-07/14:19:53 [Error] GetClientsHandler not find player by cookie
2022-10-07/16:13:33 [Error] GetClientsHandler not find player by cookie
2022-10-07/16:13:33 [Error] GetClientsHandler not find player by cookie
2022-10-07/16:14:38 [Error] GetClientsHandler not find player by cookie
2022-10-07/16:14:53 [Error] GetClientsHandler not find player by cookie
2022-10-07/16:15:10 [Error] GetClientsHandler not find player by cookie
2022-10-07/16:15:23 [Error] GetClientsHandler not find player by cookie
2022-10-07/16:15:33 [Error] GetClientsHandler not find player by cookie
2022-10-07/16:15:33 [Error] GetClientsHandler not find player by cookie
2022-10-07/16:15:41 [Error] GetClientsHandler not find player by cookie
2022-10-07/16:21:06 [Error] GetClientsHandler not find player by cookie
2022-10-07/16:21:44 [Error] GetClientsHandler not find player by cookie
2022-10-07/16:22:49 [Error] GetClientsHandler not find player by cookie
2022-10-07/16:22:53 [Error] GetClientsHandler not find player by cookie
2022-10-07/16:23:33 [Error] GetClientsHandler not find player by cookie
2022-10-07/16:23:38 [Error] GetClientsHandler not find player by cookie
2022-10-07/16:23:43 [Error] GetClientsHandler not find player by cookie
2022-10-07/16:38:58 [Error] GetClientsHandler not find player by cookie
2022-10-07/16:39:44 [Error] GetClientsHandler not find player by cookie
2022-10-07/18:03:26 [Error] GetClientsHandler not find player by cookie
2022-10-07/18:03:26 [Error] GetClientsHandler not find player by cookie
2022-10-07/18:03:32 [Error] GetClientsHandler not find player by cookie
2022-10-07/18:04:24 [Error] GetClientsHandler not find player by cookie
2022-10-07/18:06:11 [Error] GetClientsHandler not find player by cookie
2022-10-07/18:09:04 [Error] GetClientsHandler not find player by cookie
2022-10-07/18:09:47 [Error] GetClientsHandler not find player by cookie
2022-10-07/18:10:47 [Error] GetClientsHandler not find player by cookie
2022-10-07/18:11:07 [Error] GetClientsHandler not find player by cookie
2022-10-07/18:17:48 [Error] GetClientsHandler not find player by cookie
2022-10-07/18:18:56 [Error] GetClientsHandler not find player by cookie
2022-10-07/18:21:40 [Error] GetClientsHandler not find player by cookie
2022-10-07/18:21:40 [Error] GetClientsHandler not find player by cookie
2022-10-07/18:22:05 [Error] GetClientsHandler not find player by cookie
2022-10-07/18:22:05 [Error] GetClientsHandler not find player by cookie
2022-10-07/18:23:11 [Error] GetClientsHandler not find player by cookie
2022-10-07/18:23:11 [Error] GetClientsHandler not find player by cookie
2022-10-07/18:23:19 [Error] GetClientsHandler not find player by cookie
2022-10-07/18:24:23 [Error] GetClientsHandler not find player by cookie
2022-10-07/18:25:02 [Error] GetClientsHandler not find player by cookie
2022-10-07/18:27:10 [Error] GetClientsHandler not find player by cookie
2022-10-07/18:31:16 [Error] GetClientsHandler not find player by cookie
2022-10-07/18:31:32 [Error] GetClientsHandler not find player by cookie
2022-10-07/18:33:27 [Error] GetClientsHandler not find player by cookie
2022-10-07/18:35:50 [Error] GetClientsHandler not find player by cookie
2022-10-07/18:45:38 [Error] GetClientsHandler not find player by cookie
2022-10-07/18:46:08 [Error] GetClientsHandler not find player by cookie
2022-10-07/18:47:04 [Error] GetClientsHandler not find player by cookie
2022-10-07/18:49:08 [Error] GetClientsHandler not find player by cookie
2022-10-07/18:49:51 [Error] GetClientsHandler not find player by cookie
2022-10-07/18:50:41 [Error] GetClientsHandler not find player by cookie
2022-10-07/18:51:21 [Error] GetClientsHandler not find player by cookie
2022-10-07/18:52:20 [Error] GetClientsHandler not find player by cookie
2022-10-07/18:52:58 [Error] GetClientsHandler not find player by cookie
2022-10-07/18:53:20 [Error] GetClientsHandler not find player by cookie
2022-10-07/18:56:22 [Error] GetClientsHandler not find player by cookie
2022-10-07/18:57:56 [Error] GetClientsHandler not find player by cookie
2022-10-07/18:59:25 [Error] GetClientsHandler not find player by cookie
2022-10-07/19:01:50 [Error] GetClientsHandler not find player by cookie
2022-10-07/19:10:48 [Error] GetClientsHandler not find player by cookie
2022-10-07/19:11:06 [Error] GetClientsHandler not find player by cookie
2022-10-07/19:28:22 [Error] GetClientsHandler not find player by cookie
2022-10-07/19:31:11 [Error] GetClientsHandler not find player by cookie
2022-10-07/19:31:30 [Error] GetClientsHandler not find player by cookie
2022-10-07/19:49:32 [Error] GetClientsHandler not find player by cookie
2022-10-07/19:50:09 [Error] RegisterClientHandler not find player by cookie
2022-10-07/19:50:11 [Error] GetClientsHandler not find player by cookie
2022-10-07/19:51:14 [Error] GetClientsHandler not find player by cookie
2022-10-07/19:51:58 [Error] GetClientsHandler not find player by cookie
2022-10-07/19:55:34 [Error] GetClientsHandler not find player by cookie
2022-10-07/19:56:08 [Error] GetClientsHandler not find player by cookie
2022-10-07/19:57:56 [Error] GetClientsHandler not find player by cookie
2022-10-07/19:58:26 [Error] GetClientsHandler not find player by cookie
2022-10-07/19:58:53 [Error] GetClientsHandler not find player by cookie
2022-10-07/19:59:17 [Error] GetClientsHandler not find player by cookie
2022-10-07/19:59:34 [Error] GetClientsHandler not find player by cookie
2022-10-07/20:03:27 [Error] GetClientsHandler not find player by cookie
2022-10-07/20:05:53 [Error] GetClientsHandler not find player by cookie
2022-10-07/20:10:18 [Error] GetClientsHandler not find player by cookie
2022-10-07/20:10:38 [Error] GetClientsHandler not find player by cookie
2022-10-07/20:11:51 [Error] GetClientsHandler not find player by cookie
2022-10-07/20:13:23 [Error] GetClientsHandler not find player by cookie
2022-10-07/20:15:14 [Error] GetClientsHandler not find player by cookie
2022-10-07/20:15:39 [Error] GetClientsHandler not find player by cookie
2022-10-07/20:18:10 [Error] GetClientsHandler not find player by cookie
2022-10-07/20:18:37 [Error] GetClientsHandler not find player by cookie
2022-10-07/20:20:11 [Error] GetClientsHandler not find player by cookie
2022-10-07/20:20:22 [Error] GetClientsHandler not find player by cookie
2022-10-07/20:20:53 [Error] GetClientsHandler not find player by cookie
2022-10-07/20:21:33 [Error] GetClientsHandler not find player by cookie
2022-10-07/20:24:24 [Error] GetClientsHandler not find player by cookie
2022-10-07/20:24:42 [Error] GetClientsHandler not find player by cookie
2022-10-07/20:25:20 [Error] GetClientsHandler not find player by cookie
2022-10-07/20:27:56 [Error] GetClientsHandler not find player by cookie
2022-10-07/20:30:28 [Error] GetClientsHandler not find player by cookie
2022-10-07/20:30:39 [Error] GetClientsHandler not find player by cookie
2022-10-07/20:31:58 [Error] GetClientsHandler not find player by cookie
2022-10-07/20:32:13 [Error] GetClientsHandler not find player by cookie
2022-10-07/20:33:15 [Error] GetClientsHandler not find player by cookie
2022-10-07/20:34:52 [Error] GetClientsHandler not find player by cookie
2022-10-07/20:36:23 [Error] GetClientsHandler not find player by cookie
2022-10-07/20:36:55 [Error] GetClientsHandler not find player by cookie
2022-10-07/20:47:24 [Error] GetClientsHandler not find player by cookie
2022-10-07/20:47:32 [Error] GetClientsHandler not find player by cookie
2022-10-07/20:49:52 [Error] GetClientsHandler not find player by cookie
2022-10-07/20:50:18 [Error] GetClientsHandler not find player by cookie
2022-10-07/20:50:52 [Error] GetClientsHandler not find player by cookie
2022-10-07/20:51:36 [Error] GetClientsHandler not find player by cookie
2022-10-07/20:51:49 [Error] GetClientsHandler not find player by cookie
2022-10-07/20:52:24 [Error] GetClientsHandler not find player by cookie
2022-10-07/20:54:59 [Error] GetClientsHandler not find player by cookie
2022-10-07/20:55:35 [Error] GetClientsHandler not find player by cookie
2022-10-07/20:55:51 [Error] GetClientsHandler not find player by cookie
2022-10-07/20:57:50 [Error] GetClientsHandler not find player by cookie
2022-10-07/20:58:04 [Error] GetClientsHandler not find player by cookie
2022-10-08/17:57:25 [Error] GetClientsHandler not find player by cookie
2022-10-08/17:58:00 [Error] RegisterClientHandler not find player by cookie
2022-10-08/17:58:02 [Error] GetClientsHandler not find player by cookie
2022-10-08/18:02:16 [Error] GetClientsHandler not find player by cookie
2022-10-08/18:02:54 [Error] GetClientsHandler not find player by cookie
2022-10-08/18:04:00 [Error] GetClientsHandler not find player by cookie
2022-10-08/18:04:18 [Error] GetClientsHandler not find player by cookie
2022-10-08/18:11:33 [Error] GetClientsHandler not find player by cookie
2022-10-08/18:11:51 [Error] GetClientsHandler not find player by cookie
2022-10-08/18:12:10 [Error] GetClientsHandler not find player by cookie
2022-10-08/18:12:46 [Error] GetClientsHandler not find player by cookie
2022-10-08/18:14:06 [Error] GetClientsHandler not find player by cookie
2022-10-08/18:14:24 [Error] GetClientsHandler not find player by cookie
2022-10-08/18:14:36 [Error] GetClientsHandler not find player by cookie
2022-10-08/19:52:17 [Error] GetClientsHandler not find player by cookie
2022-10-08/19:52:17 [Error] GetClientsHandler not find player by cookie
2022-10-08/19:52:23 [Error] GetClientsHandler not find player by cookie
2022-10-08/19:53:14 [Error] GetClientsHandler not find player by cookie
2022-10-08/19:53:45 [Error] GetClientsHandler not find player by cookie
2022-10-08/19:55:02 [Error] GetClientsHandler not find player by cookie
