2022-10-08/17:57:24 [Info] Login:&{   }
    service/db/mysqlsvr.go:70(yanglao/service/db.(*Mysqlsvr).Login)
2022-10-08/17:57:24 [Info] Login:11111&{11111 111111  }
    service/db/mysqlsvr.go:70(yanglao/service/db.(*Mysqlsvr).Login)
2022-10-08/17:57:24 [Info] InitSession:d7htU-s0ho_H-PggqrSwGnu4gx_U0apwI1YIrKKrifk=map[d7htU-s0ho_H-PggqrSwGnu4gx_U0apwI1YIrKKrifk=:0xc00022e400]
    single/session.go:119(yanglao/single.(*SessionMemoryMgr).InitSession)
2022-10-08/17:57:25 [Info] GetByRequest&{OPTIONS /getclients HTTP/1.1 1 1 map[Accept:[*/*] Accept-Encoding:[gzip, deflate, br] Accept-Language:[zh-CN,zh;q=0.9] Access-Control-Request-Headers:[access-control-allow-origin] Access-Control-Request-Method:[POST] Connection:[keep-alive] Content-Type:[application/json;charset=utf-8] Origin:[http://localhost] Referer:[http://localhost/yanglao/admin/client-list.html] Sec-Fetch-Dest:[empty] Sec-Fetch-Mode:[cors] Sec-Fetch-Site:[same-site] User-Agent:[Mozilla/5.0 (Windows NT 6.1; WOW64) AppleWebKit/537.36 (KHTML, like Gecko) Chrome/86.0.4240.198 Safari/537.36]] {} <nil> 0 [] false localhost:8001 map[] map[] <nil> map[] [::1]:56947 /getclients <nil> <nil> <nil> 0xc00018e480}
    single/session.go:293(yanglao/single.(*SessionManager).GetByRequest)
2022-10-08/17:57:25 [Info] GetByRequest cookie 1
    single/session.go:295(yanglao/single.(*SessionManager).GetByRequest)
2022-10-08/17:57:25 [Info] GetByRequest session<nil>
    single/player.go:83(yanglao/single.(*PlayerManager).GetByRequest)
2022-10-08/17:57:25 [Error] GetClientsHandler not find player by cookie
    controller/getclientshandler.go:30(yanglao/controller.GetClientsHandler)
2022-10-08/17:57:25 [Info] GetByRequest&{POST /getclients HTTP/1.1 1 1 map[Accept:[application/json, text/javascript, */*; q=0.01] Accept-Encoding:[gzip, deflate, br] Accept-Language:[zh-CN,zh;q=0.9] Access-Control-Allow-Origin:[http://localhost] Connection:[keep-alive] Content-Length:[15] Content-Type:[application/json;charset=utf-8] Cookie:[Hm_lvt_b393d153aeb26b46e9431fabaf0f6190=1664636223,1664876271; bm-cookie=d7htU-s0ho_H-PggqrSwGnu4gx_U0apwI1YIrKKrifk%3D] Origin:[http://localhost] Referer:[http://localhost/yanglao/admin/client-list.html] Sec-Fetch-Dest:[empty] Sec-Fetch-Mode:[cors] Sec-Fetch-Site:[same-site] User-Agent:[Mozilla/5.0 (Windows NT 6.1; WOW64) AppleWebKit/537.36 (KHTML, like Gecko) Chrome/86.0.4240.198 Safari/537.36]] 0xc00022e4c0 <nil> 15 [] false localhost:8001 map[limit:[10] page:[1]] map[limit:[10] page:[1]] <nil> map[] [::1]:56948 /getclients <nil> <nil> <nil> 0xc00022e500}
    single/session.go:293(yanglao/single.(*SessionManager).GetByRequest)
2022-10-08/17:57:25 [Info] GetByRequest cookie 1bm-cookie=d7htU-s0ho_H-PggqrSwGnu4gx_U0apwI1YIrKKrifk%3D
    single/session.go:295(yanglao/single.(*SessionManager).GetByRequest)
2022-10-08/17:57:25 [Info] GetByRequest cookie 2d7htU-s0ho_H-PggqrSwGnu4gx_U0apwI1YIrKKrifk=
    single/session.go:300(yanglao/single.(*SessionManager).GetByRequest)
2022-10-08/17:57:25 [Info] GetByRequest session&{d7htU-s0ho_H-PggqrSwGnu4gx_U0apwI1YIrKKrifk= {0 0} {13891476476704647588 23751358501 0xd29c60} map[account:11111]}
    single/player.go:83(yanglao/single.(*PlayerManager).GetByRequest)
2022-10-08/17:58:00 [Info] RegisterClientHandler
    controller/registerclienthandler.go:21(yanglao/controller.RegisterClientHandler)
2022-10-08/17:58:00 [Info] GetByRequest&{OPTIONS /register HTTP/1.1 1 1 map[Accept:[*/*] Accept-Encoding:[gzip, deflate, br] Accept-Language:[zh-CN,zh;q=0.9] Access-Control-Request-Headers:[access-control-allow-origin] Access-Control-Request-Method:[POST] Connection:[keep-alive] Content-Type:[application/json;charset=utf-8] Origin:[http://localhost] Referer:[http://localhost/yanglao/admin/client-add.html] Sec-Fetch-Dest:[empty] Sec-Fetch-Mode:[cors] Sec-Fetch-Site:[same-site] User-Agent:[Mozilla/5.0 (Windows NT 6.1; WOW64) AppleWebKit/537.36 (KHTML, like Gecko) Chrome/86.0.4240.198 Safari/537.36]] {} <nil> 0 [] false localhost:8001 map[] map[] <nil> map[] [::1]:56947 /register <nil> <nil> <nil> 0xc000096580}
    single/session.go:293(yanglao/single.(*SessionManager).GetByRequest)
2022-10-08/17:58:00 [Info] GetByRequest cookie 1
    single/session.go:295(yanglao/single.(*SessionManager).GetByRequest)
2022-10-08/17:58:00 [Info] GetByRequest session<nil>
    single/player.go:83(yanglao/single.(*PlayerManager).GetByRequest)
2022-10-08/17:58:00 [Error] RegisterClientHandler not find player by cookie
    controller/registerclienthandler.go:27(yanglao/controller.RegisterClientHandler)
2022-10-08/17:58:00 [Info] RegisterClientHandler
    controller/registerclienthandler.go:21(yanglao/controller.RegisterClientHandler)
2022-10-08/17:58:00 [Info] GetByRequest&{POST /register HTTP/1.1 1 1 map[Accept:[application/json, text/javascript, */*; q=0.01] Accept-Encoding:[gzip, deflate, br] Accept-Language:[zh-CN,zh;q=0.9] Access-Control-Allow-Origin:[http://localhost] Connection:[keep-alive] Content-Length:[420] Content-Type:[application/json;charset=utf-8] Cookie:[Hm_lvt_b393d153aeb26b46e9431fabaf0f6190=1664636223,1664876271; bm-cookie=d7htU-s0ho_H-PggqrSwGnu4gx_U0apwI1YIrKKrifk%3D] Origin:[http://localhost] Referer:[http://localhost/yanglao/admin/client-add.html] Sec-Fetch-Dest:[empty] Sec-Fetch-Mode:[cors] Sec-Fetch-Site:[same-site] User-Agent:[Mozilla/5.0 (Windows NT 6.1; WOW64) AppleWebKit/537.36 (KHTML, like Gecko) Chrome/86.0.4240.198 Safari/537.36]] 0xc000096600 <nil> 420 [] false localhost:8001 map[addr:[ewerwe] age:[56] ascription:[新建村] chinaid:[210604196606280313] contacts:[[{"name":"11111","phone":"2","relationship":"3","LAY_TABLE_INDEX":0}]] healthdescription:[wer] name:[sf] other:[werwer] phone:[13312846040] registrant:[werwer] registrant_time:[2022-10-08] sex:[男] slow:[["高血糖"]] type:[低保老人]] map[addr:[ewerwe] age:[56] ascription:[新建村] chinaid:[210604196606280313] contacts:[[{"name":"11111","phone":"2","relationship":"3","LAY_TABLE_INDEX":0}]] healthdescription:[wer] name:[sf] other:[werwer] phone:[13312846040] registrant:[werwer] registrant_time:[2022-10-08] sex:[男] slow:[["高血糖"]] type:[低保老人]] <nil> map[] [::1]:56948 /register <nil> <nil> <nil> 0xc000096640}
    single/session.go:293(yanglao/single.(*SessionManager).GetByRequest)
2022-10-08/17:58:00 [Info] GetByRequest cookie 1bm-cookie=d7htU-s0ho_H-PggqrSwGnu4gx_U0apwI1YIrKKrifk%3D
    single/session.go:295(yanglao/single.(*SessionManager).GetByRequest)
2022-10-08/17:58:00 [Info] GetByRequest cookie 2d7htU-s0ho_H-PggqrSwGnu4gx_U0apwI1YIrKKrifk=
    single/session.go:300(yanglao/single.(*SessionManager).GetByRequest)
2022-10-08/17:58:00 [Info] GetByRequest session&{d7htU-s0ho_H-PggqrSwGnu4gx_U0apwI1YIrKKrifk= {0 0} {13891476513788584928 58254332001 0xd29c60} map[account:11111]}
    single/player.go:83(yanglao/single.(*PlayerManager).GetByRequest)
2022-10-08/17:58:02 [Info] GetByRequest&{OPTIONS /getclients HTTP/1.1 1 1 map[Accept:[*/*] Accept-Encoding:[gzip, deflate, br] Accept-Language:[zh-CN,zh;q=0.9] Access-Control-Request-Headers:[access-control-allow-origin] Access-Control-Request-Method:[POST] Connection:[keep-alive] Content-Type:[application/json;charset=utf-8] Origin:[http://localhost] Referer:[http://localhost/yanglao/admin/client-list.html] Sec-Fetch-Dest:[empty] Sec-Fetch-Mode:[cors] Sec-Fetch-Site:[same-site] User-Agent:[Mozilla/5.0 (Windows NT 6.1; WOW64) AppleWebKit/537.36 (KHTML, like Gecko) Chrome/86.0.4240.198 Safari/537.36]] {} <nil> 0 [] false localhost:8001 map[] map[] <nil> map[] [::1]:56947 /getclients <nil> <nil> <nil> 0xc000310040}
    single/session.go:293(yanglao/single.(*SessionManager).GetByRequest)
2022-10-08/17:58:02 [Info] GetByRequest cookie 1
    single/session.go:295(yanglao/single.(*SessionManager).GetByRequest)
2022-10-08/17:58:02 [Info] GetByRequest session<nil>
    single/player.go:83(yanglao/single.(*PlayerManager).GetByRequest)
2022-10-08/17:58:02 [Error] GetClientsHandler not find player by cookie
    controller/getclientshandler.go:30(yanglao/controller.GetClientsHandler)
2022-10-08/17:58:02 [Info] GetByRequest&{POST /getclients HTTP/1.1 1 1 map[Accept:[application/json, text/javascript, */*; q=0.01] Accept-Encoding:[gzip, deflate, br] Accept-Language:[zh-CN,zh;q=0.9] Access-Control-Allow-Origin:[http://localhost] Connection:[keep-alive] Content-Length:[15] Content-Type:[application/json;charset=utf-8] Cookie:[Hm_lvt_b393d153aeb26b46e9431fabaf0f6190=1664636223,1664876271; bm-cookie=d7htU-s0ho_H-PggqrSwGnu4gx_U0apwI1YIrKKrifk%3D] Origin:[http://localhost] Referer:[http://localhost/yanglao/admin/client-list.html] Sec-Fetch-Dest:[empty] Sec-Fetch-Mode:[cors] Sec-Fetch-Site:[same-site] User-Agent:[Mozilla/5.0 (Windows NT 6.1; WOW64) AppleWebKit/537.36 (KHTML, like Gecko) Chrome/86.0.4240.198 Safari/537.36]] 0xc00004a040 <nil> 15 [] false localhost:8001 map[limit:[10] page:[1]] map[limit:[10] page:[1]] <nil> map[] [::1]:56948 /getclients <nil> <nil> <nil> 0xc00004a100}
    single/session.go:293(yanglao/single.(*SessionManager).GetByRequest)
2022-10-08/17:58:02 [Info] GetByRequest cookie 1bm-cookie=d7htU-s0ho_H-PggqrSwGnu4gx_U0apwI1YIrKKrifk%3D
    single/session.go:295(yanglao/single.(*SessionManager).GetByRequest)
2022-10-08/17:58:02 [Info] GetByRequest cookie 2d7htU-s0ho_H-PggqrSwGnu4gx_U0apwI1YIrKKrifk=
    single/session.go:300(yanglao/single.(*SessionManager).GetByRequest)
2022-10-08/17:58:02 [Info] GetByRequest session&{d7htU-s0ho_H-PggqrSwGnu4gx_U0apwI1YIrKKrifk= {0 0} {13891476516292203276 60610466701 0xd29c60} map[account:11111]}
    single/player.go:83(yanglao/single.(*PlayerManager).GetByRequest)
2022-10-08/18:02:16 [Info] GetByRequest&{OPTIONS /getclients HTTP/1.1 1 1 map[Accept:[*/*] Accept-Encoding:[gzip, deflate, br] Accept-Language:[zh-CN,zh;q=0.9] Access-Control-Request-Headers:[access-control-allow-origin] Access-Control-Request-Method:[POST] Connection:[keep-alive] Content-Type:[application/json;charset=utf-8] Origin:[http://localhost] Referer:[http://localhost/yanglao/admin/client-list.html] Sec-Fetch-Dest:[empty] Sec-Fetch-Mode:[cors] Sec-Fetch-Site:[same-site] User-Agent:[Mozilla/5.0 (Windows NT 6.1; WOW64) AppleWebKit/537.36 (KHTML, like Gecko) Chrome/86.0.4240.198 Safari/537.36]] {} <nil> 0 [] false localhost:8001 map[] map[] <nil> map[] [::1]:56947 /getclients <nil> <nil> <nil> 0xc000310040}
    single/session.go:293(yanglao/single.(*SessionManager).GetByRequest)
2022-10-08/18:02:16 [Info] GetByRequest cookie 1
    single/session.go:295(yanglao/single.(*SessionManager).GetByRequest)
2022-10-08/18:02:16 [Info] GetByRequest session<nil>
    single/player.go:83(yanglao/single.(*PlayerManager).GetByRequest)
2022-10-08/18:02:16 [Error] GetClientsHandler not find player by cookie
    controller/getclientshandler.go:30(yanglao/controller.GetClientsHandler)
2022-10-08/18:02:16 [Info] GetByRequest&{POST /getclients HTTP/1.1 1 1 map[Accept:[application/json, text/javascript, */*; q=0.01] Accept-Encoding:[gzip, deflate, br] Accept-Language:[zh-CN,zh;q=0.9] Access-Control-Allow-Origin:[http://localhost] Connection:[keep-alive] Content-Length:[15] Content-Type:[application/json;charset=utf-8] Cookie:[Hm_lvt_b393d153aeb26b46e9431fabaf0f6190=1664636223,1664876271; bm-cookie=d7htU-s0ho_H-PggqrSwGnu4gx_U0apwI1YIrKKrifk%3D] Origin:[http://localhost] Referer:[http://localhost/yanglao/admin/client-list.html] Sec-Fetch-Dest:[empty] Sec-Fetch-Mode:[cors] Sec-Fetch-Site:[same-site] User-Agent:[Mozilla/5.0 (Windows NT 6.1; WOW64) AppleWebKit/537.36 (KHTML, like Gecko) Chrome/86.0.4240.198 Safari/537.36]] 0xc00004a040 <nil> 15 [] false localhost:8001 map[limit:[10] page:[1]] map[limit:[10] page:[1]] <nil> map[] [::1]:56948 /getclients <nil> <nil> <nil> 0xc00004a100}
    single/session.go:293(yanglao/single.(*SessionManager).GetByRequest)
2022-10-08/18:02:16 [Info] GetByRequest cookie 1bm-cookie=d7htU-s0ho_H-PggqrSwGnu4gx_U0apwI1YIrKKrifk%3D
    single/session.go:295(yanglao/single.(*SessionManager).GetByRequest)
2022-10-08/18:02:16 [Info] GetByRequest cookie 2d7htU-s0ho_H-PggqrSwGnu4gx_U0apwI1YIrKKrifk=
    single/session.go:300(yanglao/single.(*SessionManager).GetByRequest)
2022-10-08/18:02:16 [Info] GetByRequest session&{d7htU-s0ho_H-PggqrSwGnu4gx_U0apwI1YIrKKrifk= {0 0} {13891476788992152872 314579993001 0xd29c60} map[account:11111]}
    single/player.go:83(yanglao/single.(*PlayerManager).GetByRequest)
2022-10-08/18:02:53 [Info] Login:&{   }
    service/db/mysqlsvr.go:70(yanglao/service/db.(*Mysqlsvr).Login)
2022-10-08/18:02:53 [Info] InitSession:hK0XR3q_RPrFt9_Miw17B-7pOyRNKR8T9hMPLxA7bpM=map[hK0XR3q_RPrFt9_Miw17B-7pOyRNKR8T9hMPLxA7bpM=:0xc0003101c0]
    single/session.go:119(yanglao/single.(*SessionMemoryMgr).InitSession)
2022-10-08/18:02:54 [Info] GetByRequest&{OPTIONS /getclients HTTP/1.1 1 1 map[Accept:[*/*] Accept-Encoding:[gzip, deflate, br] Accept-Language:[zh-CN,zh;q=0.9] Access-Control-Request-Headers:[access-control-allow-origin] Access-Control-Request-Method:[POST] Cache-Control:[no-cache] Connection:[keep-alive] Content-Type:[application/json;charset=utf-8] Origin:[http://localhost] Pragma:[no-cache] Referer:[http://localhost/yanglao/admin/client-list.html] Sec-Fetch-Dest:[empty] Sec-Fetch-Mode:[cors] Sec-Fetch-Site:[same-site] User-Agent:[Mozilla/5.0 (Windows NT 6.1; WOW64) AppleWebKit/537.36 (KHTML, like Gecko) Chrome/86.0.4240.198 Safari/537.36]] {} <nil> 0 [] false localhost:8001 map[] map[] <nil> map[] [::1]:56947 /getclients <nil> <nil> <nil> 0xc00004acc0}
    single/session.go:293(yanglao/single.(*SessionManager).GetByRequest)
2022-10-08/18:02:54 [Info] GetByRequest cookie 1
    single/session.go:295(yanglao/single.(*SessionManager).GetByRequest)
2022-10-08/18:02:54 [Info] GetByRequest session<nil>
    single/player.go:83(yanglao/single.(*PlayerManager).GetByRequest)
2022-10-08/18:02:54 [Error] GetClientsHandler not find player by cookie
    controller/getclientshandler.go:30(yanglao/controller.GetClientsHandler)
2022-10-08/18:02:54 [Info] GetByRequest&{POST /getclients HTTP/1.1 1 1 map[Accept:[application/json, text/javascript, */*; q=0.01] Accept-Encoding:[gzip, deflate, br] Accept-Language:[zh-CN,zh;q=0.9] Access-Control-Allow-Origin:[http://localhost] Cache-Control:[no-cache] Connection:[keep-alive] Content-Length:[15] Content-Type:[application/json;charset=utf-8] Cookie:[Hm_lvt_b393d153aeb26b46e9431fabaf0f6190=1664636223,1664876271; bm-cookie=hK0XR3q_RPrFt9_Miw17B-7pOyRNKR8T9hMPLxA7bpM%3D] Origin:[http://localhost] Pragma:[no-cache] Referer:[http://localhost/yanglao/admin/client-list.html] Sec-Fetch-Dest:[empty] Sec-Fetch-Mode:[cors] Sec-Fetch-Site:[same-site] User-Agent:[Mozilla/5.0 (Windows NT 6.1; WOW64) AppleWebKit/537.36 (KHTML, like Gecko) Chrome/86.0.4240.198 Safari/537.36]] 0xc00018e040 <nil> 15 [] false localhost:8001 map[limit:[10] page:[1]] map[limit:[10] page:[1]] <nil> map[] [::1]:56948 /getclients <nil> <nil> <nil> 0xc00018e100}
    single/session.go:293(yanglao/single.(*SessionManager).GetByRequest)
2022-10-08/18:02:54 [Info] GetByRequest cookie 1bm-cookie=hK0XR3q_RPrFt9_Miw17B-7pOyRNKR8T9hMPLxA7bpM%3D
    single/session.go:295(yanglao/single.(*SessionManager).GetByRequest)
2022-10-08/18:02:54 [Info] GetByRequest cookie 2hK0XR3q_RPrFt9_Miw17B-7pOyRNKR8T9hMPLxA7bpM=
    single/session.go:300(yanglao/single.(*SessionManager).GetByRequest)
2022-10-08/18:02:54 [Info] GetByRequest session&{hK0XR3q_RPrFt9_Miw17B-7pOyRNKR8T9hMPLxA7bpM= {0 0} {13891476830178537584 352964188401 0xd29c60} map[account:11111]}
    single/player.go:83(yanglao/single.(*PlayerManager).GetByRequest)
2022-10-08/18:04:00 [Info] GetByRequest&{OPTIONS /getclients HTTP/1.1 1 1 map[Accept:[*/*] Accept-Encoding:[gzip, deflate, br] Accept-Language:[zh-CN,zh;q=0.9] Access-Control-Request-Headers:[access-control-allow-origin] Access-Control-Request-Method:[POST] Cache-Control:[no-cache] Connection:[keep-alive] Content-Type:[application/json;charset=utf-8] Origin:[http://localhost] Pragma:[no-cache] Referer:[http://localhost/yanglao/admin/client-list.html] Sec-Fetch-Dest:[empty] Sec-Fetch-Mode:[cors] Sec-Fetch-Site:[same-site] User-Agent:[Mozilla/5.0 (Windows NT 6.1; WOW64) AppleWebKit/537.36 (KHTML, like Gecko) Chrome/86.0.4240.198 Safari/537.36]] {} <nil> 0 [] false localhost:8001 map[] map[] <nil> map[] [::1]:56947 /getclients <nil> <nil> <nil> 0xc00004a000}
    single/session.go:293(yanglao/single.(*SessionManager).GetByRequest)
2022-10-08/18:04:00 [Info] GetByRequest cookie 1
    single/session.go:295(yanglao/single.(*SessionManager).GetByRequest)
2022-10-08/18:04:00 [Info] GetByRequest session<nil>
    single/player.go:83(yanglao/single.(*PlayerManager).GetByRequest)
2022-10-08/18:04:00 [Error] GetClientsHandler not find player by cookie
    controller/getclientshandler.go:30(yanglao/controller.GetClientsHandler)
2022-10-08/18:04:00 [Info] GetByRequest&{POST /getclients HTTP/1.1 1 1 map[Accept:[application/json, text/javascript, */*; q=0.01] Accept-Encoding:[gzip, deflate, br] Accept-Language:[zh-CN,zh;q=0.9] Access-Control-Allow-Origin:[http://localhost] Cache-Control:[no-cache] Connection:[keep-alive] Content-Length:[15] Content-Type:[application/json;charset=utf-8] Cookie:[Hm_lvt_b393d153aeb26b46e9431fabaf0f6190=1664636223,1664876271; bm-cookie=hK0XR3q_RPrFt9_Miw17B-7pOyRNKR8T9hMPLxA7bpM%3D] Origin:[http://localhost] Pragma:[no-cache] Referer:[http://localhost/yanglao/admin/client-list.html] Sec-Fetch-Dest:[empty] Sec-Fetch-Mode:[cors] Sec-Fetch-Site:[same-site] User-Agent:[Mozilla/5.0 (Windows NT 6.1; WOW64) AppleWebKit/537.36 (KHTML, like Gecko) Chrome/86.0.4240.198 Safari/537.36]] 0xc00022e0c0 <nil> 15 [] false localhost:8001 map[limit:[10] page:[1]] map[limit:[10] page:[1]] <nil> map[] [::1]:56948 /getclients <nil> <nil> <nil> 0xc00022e100}
    single/session.go:293(yanglao/single.(*SessionManager).GetByRequest)
2022-10-08/18:04:00 [Info] GetByRequest cookie 1bm-cookie=hK0XR3q_RPrFt9_Miw17B-7pOyRNKR8T9hMPLxA7bpM%3D
    single/session.go:295(yanglao/single.(*SessionManager).GetByRequest)
2022-10-08/18:04:00 [Info] GetByRequest cookie 2hK0XR3q_RPrFt9_Miw17B-7pOyRNKR8T9hMPLxA7bpM=
    single/session.go:300(yanglao/single.(*SessionManager).GetByRequest)
2022-10-08/18:04:00 [Info] GetByRequest session&{hK0XR3q_RPrFt9_Miw17B-7pOyRNKR8T9hMPLxA7bpM= {0 0} {13891476900738255368 418656945801 0xd29c60} map[account:11111]}
    single/player.go:83(yanglao/single.(*PlayerManager).GetByRequest)
2022-10-08/18:04:14 [Info] Login:&{   }
    service/db/mysqlsvr.go:70(yanglao/service/db.(*Mysqlsvr).Login)
2022-10-08/18:04:14 [Info] InitSession:wpIZcK5in6nAQccWKVGPtJCsqVxZjXkpt5wXjGktYjs=map[wpIZcK5in6nAQccWKVGPtJCsqVxZjXkpt5wXjGktYjs=:0xc00022e3c0]
    single/session.go:119(yanglao/single.(*SessionMemoryMgr).InitSession)
2022-10-08/18:04:18 [Info] GetByRequest&{OPTIONS /getclients HTTP/1.1 1 1 map[Accept:[*/*] Accept-Encoding:[gzip, deflate, br] Accept-Language:[zh-CN,zh;q=0.9] Access-Control-Request-Headers:[access-control-allow-origin] Access-Control-Request-Method:[POST] Cache-Control:[no-cache] Connection:[keep-alive] Content-Type:[application/json;charset=utf-8] Origin:[http://localhost] Pragma:[no-cache] Referer:[http://localhost/yanglao/admin/client-list.html] Sec-Fetch-Dest:[empty] Sec-Fetch-Mode:[cors] Sec-Fetch-Site:[same-site] User-Agent:[Mozilla/5.0 (Windows NT 6.1; WOW64) AppleWebKit/537.36 (KHTML, like Gecko) Chrome/86.0.4240.198 Safari/537.36]] {} <nil> 0 [] false localhost:8001 map[] map[] <nil> map[] [::1]:56947 /getclients <nil> <nil> <nil> 0xc00022e440}
    single/session.go:293(yanglao/single.(*SessionManager).GetByRequest)
2022-10-08/18:04:18 [Info] GetByRequest cookie 1
    single/session.go:295(yanglao/single.(*SessionManager).GetByRequest)
2022-10-08/18:04:18 [Info] GetByRequest session<nil>
    single/player.go:83(yanglao/single.(*PlayerManager).GetByRequest)
2022-10-08/18:04:18 [Error] GetClientsHandler not find player by cookie
    controller/getclientshandler.go:30(yanglao/controller.GetClientsHandler)
2022-10-08/18:04:18 [Info] GetByRequest&{POST /getclients HTTP/1.1 1 1 map[Accept:[application/json, text/javascript, */*; q=0.01] Accept-Encoding:[gzip, deflate, br] Accept-Language:[zh-CN,zh;q=0.9] Access-Control-Allow-Origin:[http://localhost] Cache-Control:[no-cache] Connection:[keep-alive] Content-Length:[15] Content-Type:[application/json;charset=utf-8] Cookie:[Hm_lvt_b393d153aeb26b46e9431fabaf0f6190=1664636223,1664876271; bm-cookie=wpIZcK5in6nAQccWKVGPtJCsqVxZjXkpt5wXjGktYjs%3D] Origin:[http://localhost] Pragma:[no-cache] Referer:[http://localhost/yanglao/admin/client-list.html] Sec-Fetch-Dest:[empty] Sec-Fetch-Mode:[cors] Sec-Fetch-Site:[same-site] User-Agent:[Mozilla/5.0 (Windows NT 6.1; WOW64) AppleWebKit/537.36 (KHTML, like Gecko) Chrome/86.0.4240.198 Safari/537.36]] 0xc00004a000 <nil> 15 [] false localhost:8001 map[limit:[10] page:[1]] map[limit:[10] page:[1]] <nil> map[] [::1]:56948 /getclients <nil> <nil> <nil> 0xc00004a040}
    single/session.go:293(yanglao/single.(*SessionManager).GetByRequest)
2022-10-08/18:04:18 [Info] GetByRequest cookie 1bm-cookie=wpIZcK5in6nAQccWKVGPtJCsqVxZjXkpt5wXjGktYjs%3D
    single/session.go:295(yanglao/single.(*SessionManager).GetByRequest)
2022-10-08/18:04:18 [Info] GetByRequest cookie 2wpIZcK5in6nAQccWKVGPtJCsqVxZjXkpt5wXjGktYjs=
    single/session.go:300(yanglao/single.(*SessionManager).GetByRequest)
2022-10-08/18:04:18 [Info] GetByRequest session&{wpIZcK5in6nAQccWKVGPtJCsqVxZjXkpt5wXjGktYjs= {0 0} {13891476920157643000 436748980601 0xd29c60} map[account:11111]}
    single/player.go:83(yanglao/single.(*PlayerManager).GetByRequest)
2022-10-08/18:05:15 [Info] Login:&{   }
    service/db/mysqlsvr.go:70(yanglao/service/db.(*Mysqlsvr).Login)
2022-10-08/18:05:15 [Info] InitSession:Aj1Jxm2IdXVZCjQq2xHj3-Xcp5wAtjLnaMR55LROYts=map[Aj1Jxm2IdXVZCjQq2xHj3-Xcp5wAtjLnaMR55LROYts=:0xc00004a1c0]
    single/session.go:119(yanglao/single.(*SessionMemoryMgr).InitSession)
2022-10-08/18:09:02 [Info] Login:&{   }
    service/db/mysqlsvr.go:70(yanglao/service/db.(*Mysqlsvr).Login)
2022-10-08/18:09:02 [Info] InitSession:K9bT6Viuv8V9zuZUR4CtcUEJpTvw0CJ8JnM21psXjMA=map[K9bT6Viuv8V9zuZUR4CtcUEJpTvw0CJ8JnM21psXjMA=:0xc00022e500]
    single/session.go:119(yanglao/single.(*SessionMemoryMgr).InitSession)
2022-10-08/18:09:20 [Info] Login:&{   }
    service/db/mysqlsvr.go:70(yanglao/service/db.(*Mysqlsvr).Login)
2022-10-08/18:09:20 [Info] InitSession:YgzgwcK8BIURxHmaA4Qd7Nr9eZhJvrJ9m4A-Vlr1a8Y=map[YgzgwcK8BIURxHmaA4Qd7Nr9eZhJvrJ9m4A-Vlr1a8Y=:0xc0003100c0]
    single/session.go:119(yanglao/single.(*SessionMemoryMgr).InitSession)
2022-10-08/18:11:29 [Info] Login:&{   }
    service/db/mysqlsvr.go:70(yanglao/service/db.(*Mysqlsvr).Login)
2022-10-08/18:11:29 [Info] Login:11111&{11111 111111 张三 13312846070}
    service/db/mysqlsvr.go:70(yanglao/service/db.(*Mysqlsvr).Login)
2022-10-08/18:11:29 [Info] InitSession:1zWECN9-AOzC8e7HVx3t9_9Iz-XUoXEl2z_pVXU5lUc=map[1zWECN9-AOzC8e7HVx3t9_9Iz-XUoXEl2z_pVXU5lUc=:0xc00004a440]
    single/session.go:119(yanglao/single.(*SessionMemoryMgr).InitSession)
2022-10-08/18:11:33 [Info] GetByRequest&{OPTIONS /getclients HTTP/1.1 1 1 map[Accept:[*/*] Accept-Encoding:[gzip, deflate, br] Accept-Language:[zh-CN,zh;q=0.9] Access-Control-Request-Headers:[access-control-allow-origin] Access-Control-Request-Method:[POST] Cache-Control:[no-cache] Connection:[keep-alive] Content-Type:[application/json;charset=utf-8] Origin:[http://localhost] Pragma:[no-cache] Referer:[http://localhost/yanglao/admin/client-list.html] Sec-Fetch-Dest:[empty] Sec-Fetch-Mode:[cors] Sec-Fetch-Site:[same-site] User-Agent:[Mozilla/5.0 (Windows NT 6.1; WOW64) AppleWebKit/537.36 (KHTML, like Gecko) Chrome/86.0.4240.198 Safari/537.36]] {} <nil> 0 [] false localhost:8001 map[] map[] <nil> map[] [::1]:58100 /getclients <nil> <nil> <nil> 0xc00004a4c0}
    single/session.go:293(yanglao/single.(*SessionManager).GetByRequest)
2022-10-08/18:11:33 [Info] GetByRequest cookie 1
    single/session.go:295(yanglao/single.(*SessionManager).GetByRequest)
2022-10-08/18:11:33 [Info] GetByRequest session<nil>
    single/player.go:83(yanglao/single.(*PlayerManager).GetByRequest)
2022-10-08/18:11:33 [Error] GetClientsHandler not find player by cookie
    controller/getclientshandler.go:30(yanglao/controller.GetClientsHandler)
2022-10-08/18:11:33 [Info] GetByRequest&{POST /getclients HTTP/1.1 1 1 map[Accept:[application/json, text/javascript, */*; q=0.01] Accept-Encoding:[gzip, deflate, br] Accept-Language:[zh-CN,zh;q=0.9] Access-Control-Allow-Origin:[http://localhost] Cache-Control:[no-cache] Connection:[keep-alive] Content-Length:[15] Content-Type:[application/json;charset=utf-8] Cookie:[Hm_lvt_b393d153aeb26b46e9431fabaf0f6190=1664636223,1664876271; bm-cookie=1zWECN9-AOzC8e7HVx3t9_9Iz-XUoXEl2z_pVXU5lUc%3D] Origin:[http://localhost] Pragma:[no-cache] Referer:[http://localhost/yanglao/admin/client-list.html] Sec-Fetch-Dest:[empty] Sec-Fetch-Mode:[cors] Sec-Fetch-Site:[same-site] User-Agent:[Mozilla/5.0 (Windows NT 6.1; WOW64) AppleWebKit/537.36 (KHTML, like Gecko) Chrome/86.0.4240.198 Safari/537.36]] 0xc0002c6180 <nil> 15 [] false localhost:8001 map[limit:[10] page:[1]] map[limit:[10] page:[1]] <nil> map[] [::1]:58101 /getclients <nil> <nil> <nil> 0xc0002c61c0}
    single/session.go:293(yanglao/single.(*SessionManager).GetByRequest)
2022-10-08/18:11:33 [Info] GetByRequest cookie 1bm-cookie=1zWECN9-AOzC8e7HVx3t9_9Iz-XUoXEl2z_pVXU5lUc%3D
    single/session.go:295(yanglao/single.(*SessionManager).GetByRequest)
2022-10-08/18:11:33 [Info] GetByRequest cookie 21zWECN9-AOzC8e7HVx3t9_9Iz-XUoXEl2z_pVXU5lUc=
    single/session.go:300(yanglao/single.(*SessionManager).GetByRequest)
2022-10-08/18:11:33 [Info] GetByRequest session&{1zWECN9-AOzC8e7HVx3t9_9Iz-XUoXEl2z_pVXU5lUc= {0 0} {13891477386796191940 44175526701 0xd29c60} map[account:11111]}
    single/player.go:83(yanglao/single.(*PlayerManager).GetByRequest)
2022-10-08/18:11:51 [Info] GetByRequest&{OPTIONS /getclients HTTP/1.1 1 1 map[Accept:[*/*] Accept-Encoding:[gzip, deflate, br] Accept-Language:[zh-CN,zh;q=0.9] Access-Control-Request-Headers:[access-control-allow-origin] Access-Control-Request-Method:[POST] Connection:[keep-alive] Content-Type:[application/json;charset=utf-8] Origin:[http://localhost] Referer:[http://localhost/yanglao/admin/client-list.html] Sec-Fetch-Dest:[empty] Sec-Fetch-Mode:[cors] Sec-Fetch-Site:[same-site] User-Agent:[Mozilla/5.0 (Windows NT 6.1; WOW64) AppleWebKit/537.36 (KHTML, like Gecko) Chrome/86.0.4240.198 Safari/537.36]] {} <nil> 0 [] false localhost:8001 map[] map[] <nil> map[] [::1]:58100 /getclients <nil> <nil> <nil> 0xc00009c500}
    single/session.go:293(yanglao/single.(*SessionManager).GetByRequest)
2022-10-08/18:11:51 [Info] GetByRequest cookie 1
    single/session.go:295(yanglao/single.(*SessionManager).GetByRequest)
2022-10-08/18:11:51 [Info] GetByRequest session<nil>
    single/player.go:83(yanglao/single.(*PlayerManager).GetByRequest)
2022-10-08/18:11:51 [Error] GetClientsHandler not find player by cookie
    controller/getclientshandler.go:30(yanglao/controller.GetClientsHandler)
2022-10-08/18:11:51 [Info] GetByRequest&{POST /getclients HTTP/1.1 1 1 map[Accept:[application/json, text/javascript, */*; q=0.01] Accept-Encoding:[gzip, deflate, br] Accept-Language:[zh-CN,zh;q=0.9] Access-Control-Allow-Origin:[http://localhost] Connection:[keep-alive] Content-Length:[15] Content-Type:[application/json;charset=utf-8] Cookie:[Hm_lvt_b393d153aeb26b46e9431fabaf0f6190=1664636223,1664876271; bm-cookie=1zWECN9-AOzC8e7HVx3t9_9Iz-XUoXEl2z_pVXU5lUc%3D] Origin:[http://localhost] Referer:[http://localhost/yanglao/admin/client-list.html] Sec-Fetch-Dest:[empty] Sec-Fetch-Mode:[cors] Sec-Fetch-Site:[same-site] User-Agent:[Mozilla/5.0 (Windows NT 6.1; WOW64) AppleWebKit/537.36 (KHTML, like Gecko) Chrome/86.0.4240.198 Safari/537.36]] 0xc00020a080 <nil> 15 [] false localhost:8001 map[limit:[10] page:[1]] map[limit:[10] page:[1]] <nil> map[] [::1]:58101 /getclients <nil> <nil> <nil> 0xc00020a0c0}
    single/session.go:293(yanglao/single.(*SessionManager).GetByRequest)
2022-10-08/18:11:51 [Info] GetByRequest cookie 1bm-cookie=1zWECN9-AOzC8e7HVx3t9_9Iz-XUoXEl2z_pVXU5lUc%3D
    single/session.go:295(yanglao/single.(*SessionManager).GetByRequest)
2022-10-08/18:11:51 [Info] GetByRequest cookie 21zWECN9-AOzC8e7HVx3t9_9Iz-XUoXEl2z_pVXU5lUc=
    single/session.go:300(yanglao/single.(*SessionManager).GetByRequest)
2022-10-08/18:11:51 [Info] GetByRequest session&{1zWECN9-AOzC8e7HVx3t9_9Iz-XUoXEl2z_pVXU5lUc= {0 0} {13891477406542598272 62594580201 0xd29c60} map[account:11111]}
    single/player.go:83(yanglao/single.(*PlayerManager).GetByRequest)
2022-10-08/18:12:10 [Info] GetByRequest&{OPTIONS /getclients HTTP/1.1 1 1 map[Accept:[*/*] Accept-Encoding:[gzip, deflate, br] Accept-Language:[zh-CN,zh;q=0.9] Access-Control-Request-Headers:[access-control-allow-origin] Access-Control-Request-Method:[POST] Cache-Control:[no-cache] Connection:[keep-alive] Content-Type:[application/json;charset=utf-8] Origin:[http://localhost] Pragma:[no-cache] Referer:[http://localhost/yanglao/admin/client-list.html] Sec-Fetch-Dest:[empty] Sec-Fetch-Mode:[cors] Sec-Fetch-Site:[same-site] User-Agent:[Mozilla/5.0 (Windows NT 6.1; WOW64) AppleWebKit/537.36 (KHTML, like Gecko) Chrome/86.0.4240.198 Safari/537.36]] {} <nil> 0 [] false localhost:8001 map[] map[] <nil> map[] [::1]:58100 /getclients <nil> <nil> <nil> 0xc00020a240}
    single/session.go:293(yanglao/single.(*SessionManager).GetByRequest)
2022-10-08/18:12:10 [Info] GetByRequest cookie 1
    single/session.go:295(yanglao/single.(*SessionManager).GetByRequest)
2022-10-08/18:12:10 [Info] GetByRequest session<nil>
    single/player.go:83(yanglao/single.(*PlayerManager).GetByRequest)
2022-10-08/18:12:10 [Error] GetClientsHandler not find player by cookie
    controller/getclientshandler.go:30(yanglao/controller.GetClientsHandler)
2022-10-08/18:12:10 [Info] GetByRequest&{POST /getclients HTTP/1.1 1 1 map[Accept:[application/json, text/javascript, */*; q=0.01] Accept-Encoding:[gzip, deflate, br] Accept-Language:[zh-CN,zh;q=0.9] Access-Control-Allow-Origin:[http://localhost] Cache-Control:[no-cache] Connection:[keep-alive] Content-Length:[15] Content-Type:[application/json;charset=utf-8] Cookie:[Hm_lvt_b393d153aeb26b46e9431fabaf0f6190=1664636223,1664876271; bm-cookie=1zWECN9-AOzC8e7HVx3t9_9Iz-XUoXEl2z_pVXU5lUc%3D] Origin:[http://localhost] Pragma:[no-cache] Referer:[http://localhost/yanglao/admin/client-list.html] Sec-Fetch-Dest:[empty] Sec-Fetch-Mode:[cors] Sec-Fetch-Site:[same-site] User-Agent:[Mozilla/5.0 (Windows NT 6.1; WOW64) AppleWebKit/537.36 (KHTML, like Gecko) Chrome/86.0.4240.198 Safari/537.36]] 0xc00009c680 <nil> 15 [] false localhost:8001 map[limit:[10] page:[1]] map[limit:[10] page:[1]] <nil> map[] [::1]:58101 /getclients <nil> <nil> <nil> 0xc00009c6c0}
    single/session.go:293(yanglao/single.(*SessionManager).GetByRequest)
2022-10-08/18:12:10 [Info] GetByRequest cookie 1bm-cookie=1zWECN9-AOzC8e7HVx3t9_9Iz-XUoXEl2z_pVXU5lUc%3D
    single/session.go:295(yanglao/single.(*SessionManager).GetByRequest)
2022-10-08/18:12:10 [Info] GetByRequest cookie 21zWECN9-AOzC8e7HVx3t9_9Iz-XUoXEl2z_pVXU5lUc=
    single/session.go:300(yanglao/single.(*SessionManager).GetByRequest)
2022-10-08/18:12:10 [Info] GetByRequest session&{1zWECN9-AOzC8e7HVx3t9_9Iz-XUoXEl2z_pVXU5lUc= {0 0} {13891477426694765428 81345652701 0xd29c60} map[account:11111]}
    single/player.go:83(yanglao/single.(*PlayerManager).GetByRequest)
2022-10-08/18:12:46 [Info] GetByRequest&{OPTIONS /getclients HTTP/1.1 1 1 map[Accept:[*/*] Accept-Encoding:[gzip, deflate, br] Accept-Language:[zh-CN,zh;q=0.9] Access-Control-Request-Headers:[access-control-allow-origin] Access-Control-Request-Method:[POST] Connection:[keep-alive] Content-Type:[application/json;charset=utf-8] Origin:[http://localhost] Referer:[http://localhost/yanglao/admin/client-list.html] Sec-Fetch-Dest:[empty] Sec-Fetch-Mode:[cors] Sec-Fetch-Site:[same-site] User-Agent:[Mozilla/5.0 (Windows NT 6.1; WOW64) AppleWebKit/537.36 (KHTML, like Gecko) Chrome/86.0.4240.198 Safari/537.36]] {} <nil> 0 [] false localhost:8001 map[] map[] <nil> map[] [::1]:58100 /getclients <nil> <nil> <nil> 0xc00009c8c0}
    single/session.go:293(yanglao/single.(*SessionManager).GetByRequest)
2022-10-08/18:12:46 [Info] GetByRequest cookie 1
    single/session.go:295(yanglao/single.(*SessionManager).GetByRequest)
2022-10-08/18:12:46 [Info] GetByRequest session<nil>
    single/player.go:83(yanglao/single.(*PlayerManager).GetByRequest)
2022-10-08/18:12:46 [Error] GetClientsHandler not find player by cookie
    controller/getclientshandler.go:30(yanglao/controller.GetClientsHandler)
2022-10-08/18:12:46 [Info] GetByRequest&{POST /getclients HTTP/1.1 1 1 map[Accept:[application/json, text/javascript, */*; q=0.01] Accept-Encoding:[gzip, deflate, br] Accept-Language:[zh-CN,zh;q=0.9] Access-Control-Allow-Origin:[http://localhost] Connection:[keep-alive] Content-Length:[15] Content-Type:[application/json;charset=utf-8] Cookie:[Hm_lvt_b393d153aeb26b46e9431fabaf0f6190=1664636223,1664876271; bm-cookie=1zWECN9-AOzC8e7HVx3t9_9Iz-XUoXEl2z_pVXU5lUc%3D] Origin:[http://localhost] Referer:[http://localhost/yanglao/admin/client-list.html] Sec-Fetch-Dest:[empty] Sec-Fetch-Mode:[cors] Sec-Fetch-Site:[same-site] User-Agent:[Mozilla/5.0 (Windows NT 6.1; WOW64) AppleWebKit/537.36 (KHTML, like Gecko) Chrome/86.0.4240.198 Safari/537.36]] 0xc00004a000 <nil> 15 [] false localhost:8001 map[limit:[10] page:[1]] map[limit:[10] page:[1]] <nil> map[] [::1]:58101 /getclients <nil> <nil> <nil> 0xc00004a040}
    single/session.go:293(yanglao/single.(*SessionManager).GetByRequest)
2022-10-08/18:12:46 [Info] GetByRequest cookie 1bm-cookie=1zWECN9-AOzC8e7HVx3t9_9Iz-XUoXEl2z_pVXU5lUc%3D
    single/session.go:295(yanglao/single.(*SessionManager).GetByRequest)
2022-10-08/18:12:46 [Info] GetByRequest cookie 21zWECN9-AOzC8e7HVx3t9_9Iz-XUoXEl2z_pVXU5lUc=
    single/session.go:300(yanglao/single.(*SessionManager).GetByRequest)
2022-10-08/18:12:46 [Info] GetByRequest session&{1zWECN9-AOzC8e7HVx3t9_9Iz-XUoXEl2z_pVXU5lUc= {0 0} {13891477465184520792 117180702401 0xd29c60} map[account:11111]}
    single/player.go:83(yanglao/single.(*PlayerManager).GetByRequest)
2022-10-08/18:14:06 [Info] GetByRequest&{OPTIONS /getclients HTTP/1.1 1 1 map[Accept:[*/*] Accept-Encoding:[gzip, deflate, br] Accept-Language:[zh-CN,zh;q=0.9] Access-Control-Request-Headers:[access-control-allow-origin] Access-Control-Request-Method:[POST] Cache-Control:[no-cache] Connection:[keep-alive] Content-Type:[application/json;charset=utf-8] Origin:[http://localhost] Pragma:[no-cache] Referer:[http://localhost/yanglao/admin/client-list.html] Sec-Fetch-Dest:[empty] Sec-Fetch-Mode:[cors] Sec-Fetch-Site:[same-site] User-Agent:[Mozilla/5.0 (Windows NT 6.1; WOW64) AppleWebKit/537.36 (KHTML, like Gecko) Chrome/86.0.4240.198 Safari/537.36]] {} <nil> 0 [] false localhost:8001 map[] map[] <nil> map[] [::1]:58100 /getclients <nil> <nil> <nil> 0xc00009c500}
    single/session.go:293(yanglao/single.(*SessionManager).GetByRequest)
2022-10-08/18:14:06 [Info] GetByRequest cookie 1
    single/session.go:295(yanglao/single.(*SessionManager).GetByRequest)
2022-10-08/18:14:06 [Info] GetByRequest session<nil>
    single/player.go:83(yanglao/single.(*PlayerManager).GetByRequest)
2022-10-08/18:14:06 [Error] GetClientsHandler not find player by cookie
    controller/getclientshandler.go:30(yanglao/controller.GetClientsHandler)
2022-10-08/18:14:06 [Info] GetByRequest&{POST /getclients HTTP/1.1 1 1 map[Accept:[application/json, text/javascript, */*; q=0.01] Accept-Encoding:[gzip, deflate, br] Accept-Language:[zh-CN,zh;q=0.9] Access-Control-Allow-Origin:[http://localhost] Cache-Control:[no-cache] Connection:[keep-alive] Content-Length:[15] Content-Type:[application/json;charset=utf-8] Cookie:[Hm_lvt_b393d153aeb26b46e9431fabaf0f6190=1664636223,1664876271; bm-cookie=1zWECN9-AOzC8e7HVx3t9_9Iz-XUoXEl2z_pVXU5lUc%3D] Origin:[http://localhost] Pragma:[no-cache] Referer:[http://localhost/yanglao/admin/client-list.html] Sec-Fetch-Dest:[empty] Sec-Fetch-Mode:[cors] Sec-Fetch-Site:[same-site] User-Agent:[Mozilla/5.0 (Windows NT 6.1; WOW64) AppleWebKit/537.36 (KHTML, like Gecko) Chrome/86.0.4240.198 Safari/537.36]] 0xc00004a000 <nil> 15 [] false localhost:8001 map[limit:[10] page:[1]] map[limit:[10] page:[1]] <nil> map[] [::1]:58101 /getclients <nil> <nil> <nil> 0xc00004a040}
    single/session.go:293(yanglao/single.(*SessionManager).GetByRequest)
2022-10-08/18:14:06 [Info] GetByRequest cookie 1bm-cookie=1zWECN9-AOzC8e7HVx3t9_9Iz-XUoXEl2z_pVXU5lUc%3D
    single/session.go:295(yanglao/single.(*SessionManager).GetByRequest)
2022-10-08/18:14:06 [Info] GetByRequest cookie 21zWECN9-AOzC8e7HVx3t9_9Iz-XUoXEl2z_pVXU5lUc=
    single/session.go:300(yanglao/single.(*SessionManager).GetByRequest)
2022-10-08/18:14:06 [Info] GetByRequest session&{1zWECN9-AOzC8e7HVx3t9_9Iz-XUoXEl2z_pVXU5lUc= {0 0} {13891477551216450012 197313285701 0xd29c60} map[account:11111]}
    single/player.go:83(yanglao/single.(*PlayerManager).GetByRequest)
2022-10-08/18:14:24 [Info] GetByRequest&{OPTIONS /getclients HTTP/1.1 1 1 map[Accept:[*/*] Accept-Encoding:[gzip, deflate, br] Accept-Language:[zh-CN,zh;q=0.9] Access-Control-Request-Headers:[access-control-allow-origin] Access-Control-Request-Method:[POST] Connection:[keep-alive] Content-Type:[application/json;charset=utf-8] Origin:[http://localhost] Referer:[http://localhost/yanglao/admin/client-list.html] Sec-Fetch-Dest:[empty] Sec-Fetch-Mode:[cors] Sec-Fetch-Site:[same-site] User-Agent:[Mozilla/5.0 (Windows NT 6.1; WOW64) AppleWebKit/537.36 (KHTML, like Gecko) Chrome/86.0.4240.198 Safari/537.36]] {} <nil> 0 [] false localhost:8001 map[] map[] <nil> map[] [::1]:58100 /getclients <nil> <nil> <nil> 0xc00020a0c0}
    single/session.go:293(yanglao/single.(*SessionManager).GetByRequest)
2022-10-08/18:14:24 [Info] GetByRequest cookie 1
    single/session.go:295(yanglao/single.(*SessionManager).GetByRequest)
2022-10-08/18:14:24 [Info] GetByRequest session<nil>
    single/player.go:83(yanglao/single.(*PlayerManager).GetByRequest)
2022-10-08/18:14:24 [Error] GetClientsHandler not find player by cookie
    controller/getclientshandler.go:30(yanglao/controller.GetClientsHandler)
2022-10-08/18:14:24 [Info] GetByRequest&{POST /getclients HTTP/1.1 1 1 map[Accept:[application/json, text/javascript, */*; q=0.01] Accept-Encoding:[gzip, deflate, br] Accept-Language:[zh-CN,zh;q=0.9] Access-Control-Allow-Origin:[http://localhost] Connection:[keep-alive] Content-Length:[15] Content-Type:[application/json;charset=utf-8] Cookie:[Hm_lvt_b393d153aeb26b46e9431fabaf0f6190=1664636223,1664876271; bm-cookie=1zWECN9-AOzC8e7HVx3t9_9Iz-XUoXEl2z_pVXU5lUc%3D] Origin:[http://localhost] Referer:[http://localhost/yanglao/admin/client-list.html] Sec-Fetch-Dest:[empty] Sec-Fetch-Mode:[cors] Sec-Fetch-Site:[same-site] User-Agent:[Mozilla/5.0 (Windows NT 6.1; WOW64) AppleWebKit/537.36 (KHTML, like Gecko) Chrome/86.0.4240.198 Safari/537.36]] 0xc00020a140 <nil> 15 [] false localhost:8001 map[limit:[10] page:[1]] map[limit:[10] page:[1]] <nil> map[] [::1]:58101 /getclients <nil> <nil> <nil> 0xc00020a180}
    single/session.go:293(yanglao/single.(*SessionManager).GetByRequest)
2022-10-08/18:14:24 [Info] GetByRequest cookie 1bm-cookie=1zWECN9-AOzC8e7HVx3t9_9Iz-XUoXEl2z_pVXU5lUc%3D
    single/session.go:295(yanglao/single.(*SessionManager).GetByRequest)
2022-10-08/18:14:24 [Info] GetByRequest cookie 21zWECN9-AOzC8e7HVx3t9_9Iz-XUoXEl2z_pVXU5lUc=
    single/session.go:300(yanglao/single.(*SessionManager).GetByRequest)
2022-10-08/18:14:24 [Info] GetByRequest session&{1zWECN9-AOzC8e7HVx3t9_9Iz-XUoXEl2z_pVXU5lUc= {0 0} {13891477571258873244 216028356101 0xd29c60} map[account:11111]}
    single/player.go:83(yanglao/single.(*PlayerManager).GetByRequest)
2022-10-08/18:14:36 [Info] Login:&{   }
    service/db/mysqlsvr.go:70(yanglao/service/db.(*Mysqlsvr).Login)
2022-10-08/18:14:36 [Info] InitSession:SgRF3oNlNzD9OFeid9BwugoC6QdqEMpv2WFVcdbPQPM=map[SgRF3oNlNzD9OFeid9BwugoC6QdqEMpv2WFVcdbPQPM=:0xc00020a340]
    single/session.go:119(yanglao/single.(*SessionMemoryMgr).InitSession)
2022-10-08/18:14:36 [Info] GetByRequest&{OPTIONS /getclients HTTP/1.1 1 1 map[Accept:[*/*] Accept-Encoding:[gzip, deflate, br] Accept-Language:[zh-CN,zh;q=0.9] Access-Control-Request-Headers:[access-control-allow-origin] Access-Control-Request-Method:[POST] Connection:[keep-alive] Content-Type:[application/json;charset=utf-8] Origin:[http://localhost] Referer:[http://localhost/yanglao/admin/client-list.html] Sec-Fetch-Dest:[empty] Sec-Fetch-Mode:[cors] Sec-Fetch-Site:[same-site] User-Agent:[Mozilla/5.0 (Windows NT 6.1; WOW64) AppleWebKit/537.36 (KHTML, like Gecko) Chrome/86.0.4240.198 Safari/537.36]] {} <nil> 0 [] false localhost:8001 map[] map[] <nil> map[] [::1]:58100 /getclients <nil> <nil> <nil> 0xc00020a3c0}
    single/session.go:293(yanglao/single.(*SessionManager).GetByRequest)
2022-10-08/18:14:36 [Info] GetByRequest cookie 1
    single/session.go:295(yanglao/single.(*SessionManager).GetByRequest)
2022-10-08/18:14:36 [Info] GetByRequest session<nil>
    single/player.go:83(yanglao/single.(*PlayerManager).GetByRequest)
2022-10-08/18:14:36 [Error] GetClientsHandler not find player by cookie
    controller/getclientshandler.go:30(yanglao/controller.GetClientsHandler)
2022-10-08/18:14:36 [Info] GetByRequest&{POST /getclients HTTP/1.1 1 1 map[Accept:[application/json, text/javascript, */*; q=0.01] Accept-Encoding:[gzip, deflate, br] Accept-Language:[zh-CN,zh;q=0.9] Access-Control-Allow-Origin:[http://localhost] Connection:[keep-alive] Content-Length:[15] Content-Type:[application/json;charset=utf-8] Cookie:[Hm_lvt_b393d153aeb26b46e9431fabaf0f6190=1664636223,1664876271; bm-cookie=SgRF3oNlNzD9OFeid9BwugoC6QdqEMpv2WFVcdbPQPM%3D] Origin:[http://localhost] Referer:[http://localhost/yanglao/admin/client-list.html] Sec-Fetch-Dest:[empty] Sec-Fetch-Mode:[cors] Sec-Fetch-Site:[same-site] User-Agent:[Mozilla/5.0 (Windows NT 6.1; WOW64) AppleWebKit/537.36 (KHTML, like Gecko) Chrome/86.0.4240.198 Safari/537.36]] 0xc00009c8c0 <nil> 15 [] false localhost:8001 map[limit:[10] page:[1]] map[limit:[10] page:[1]] <nil> map[] [::1]:58101 /getclients <nil> <nil> <nil> 0xc00009c900}
    single/session.go:293(yanglao/single.(*SessionManager).GetByRequest)
2022-10-08/18:14:36 [Info] GetByRequest cookie 1bm-cookie=SgRF3oNlNzD9OFeid9BwugoC6QdqEMpv2WFVcdbPQPM%3D
    single/session.go:295(yanglao/single.(*SessionManager).GetByRequest)
2022-10-08/18:14:36 [Info] GetByRequest cookie 2SgRF3oNlNzD9OFeid9BwugoC6QdqEMpv2WFVcdbPQPM=
    single/session.go:300(yanglao/single.(*SessionManager).GetByRequest)
2022-10-08/18:14:36 [Info] GetByRequest session&{SgRF3oNlNzD9OFeid9BwugoC6QdqEMpv2WFVcdbPQPM= {0 0} {13891477584141461332 228026042301 0xd29c60} map[account:11111]}
    single/player.go:83(yanglao/single.(*PlayerManager).GetByRequest)
2022-10-08/18:46:48 [Info] GCSessionSgRF3oNlNzD9OFeid9BwugoC6QdqEMpv2WFVcdbPQPM=
    single/session.go:169(yanglao/single.(*SessionMemoryMgr).GCSession)
2022-10-08/19:52:17 [Info] GetByRequest&{OPTIONS /getclients HTTP/1.1 1 1 map[Accept:[*/*] Accept-Encoding:[gzip, deflate, br] Accept-Language:[zh-CN,zh;q=0.9] Access-Control-Request-Headers:[access-control-allow-origin] Access-Control-Request-Method:[POST] Connection:[keep-alive] Content-Type:[application/json;charset=utf-8] Origin:[http://localhost] Referer:[http://localhost/yanglao/admin/client-list.html] Sec-Fetch-Dest:[empty] Sec-Fetch-Mode:[cors] Sec-Fetch-Site:[same-site] User-Agent:[Mozilla/5.0 (Windows NT 6.1; WOW64) AppleWebKit/537.36 (KHTML, like Gecko) Chrome/86.0.4240.198 Safari/537.36]] {} <nil> 0 [] false localhost:8001 map[] map[] <nil> map[] [::1]:53888 /getclients <nil> <nil> <nil> 0xc00009c5c0}
    single/session.go:293(yanglao/single.(*SessionManager).GetByRequest)
2022-10-08/19:52:17 [Info] GetByRequest cookie 1
    single/session.go:295(yanglao/single.(*SessionManager).GetByRequest)
2022-10-08/19:52:17 [Info] GetByRequest session<nil>
    single/player.go:83(yanglao/single.(*PlayerManager).GetByRequest)
2022-10-08/19:52:17 [Error] GetClientsHandler not find player by cookie
    controller/getclientshandler.go:30(yanglao/controller.GetClientsHandler)
2022-10-08/19:52:17 [Info] GetByRequest&{POST /getclients HTTP/1.1 1 1 map[Accept:[application/json, text/javascript, */*; q=0.01] Accept-Encoding:[gzip, deflate, br] Accept-Language:[zh-CN,zh;q=0.9] Access-Control-Allow-Origin:[http://localhost] Connection:[keep-alive] Content-Length:[15] Content-Type:[application/json;charset=utf-8] Cookie:[Hm_lvt_b393d153aeb26b46e9431fabaf0f6190=1664636223,1664876271] Origin:[http://localhost] Referer:[http://localhost/yanglao/admin/client-list.html] Sec-Fetch-Dest:[empty] Sec-Fetch-Mode:[cors] Sec-Fetch-Site:[same-site] User-Agent:[Mozilla/5.0 (Windows NT 6.1; WOW64) AppleWebKit/537.36 (KHTML, like Gecko) Chrome/86.0.4240.198 Safari/537.36]] 0xc00009c8c0 <nil> 15 [] false localhost:8001 map[limit:[10] page:[1]] map[limit:[10] page:[1]] <nil> map[] [::1]:53889 /getclients <nil> <nil> <nil> 0xc00009c900}
    single/session.go:293(yanglao/single.(*SessionManager).GetByRequest)
2022-10-08/19:52:17 [Info] GetByRequest cookie 1
    single/session.go:295(yanglao/single.(*SessionManager).GetByRequest)
2022-10-08/19:52:17 [Info] GetByRequest session<nil>
    single/player.go:83(yanglao/single.(*PlayerManager).GetByRequest)
2022-10-08/19:52:17 [Error] GetClientsHandler not find player by cookie
    controller/getclientshandler.go:30(yanglao/controller.GetClientsHandler)
2022-10-08/19:52:23 [Info] Login:&{   }
    service/db/mysqlsvr.go:70(yanglao/service/db.(*Mysqlsvr).Login)
2022-10-08/19:52:23 [Info] InitSession:SdpBXV4CRovlaRBmx4m0Bd_KbY1QgDz_4AF8K90VraA=map[SdpBXV4CRovlaRBmx4m0Bd_KbY1QgDz_4AF8K90VraA=:0xc00009cb80]
    single/session.go:119(yanglao/single.(*SessionMemoryMgr).InitSession)
2022-10-08/19:52:23 [Info] GetByRequest&{OPTIONS /getclients HTTP/1.1 1 1 map[Accept:[*/*] Accept-Encoding:[gzip, deflate, br] Accept-Language:[zh-CN,zh;q=0.9] Access-Control-Request-Headers:[access-control-allow-origin] Access-Control-Request-Method:[POST] Connection:[keep-alive] Content-Type:[application/json;charset=utf-8] Origin:[http://localhost] Referer:[http://localhost/yanglao/admin/client-list.html] Sec-Fetch-Dest:[empty] Sec-Fetch-Mode:[cors] Sec-Fetch-Site:[same-site] User-Agent:[Mozilla/5.0 (Windows NT 6.1; WOW64) AppleWebKit/537.36 (KHTML, like Gecko) Chrome/86.0.4240.198 Safari/537.36]] {} <nil> 0 [] false localhost:8001 map[] map[] <nil> map[] [::1]:53888 /getclients <nil> <nil> <nil> 0xc00020a1c0}
    single/session.go:293(yanglao/single.(*SessionManager).GetByRequest)
2022-10-08/19:52:23 [Info] GetByRequest cookie 1
    single/session.go:295(yanglao/single.(*SessionManager).GetByRequest)
2022-10-08/19:52:23 [Info] GetByRequest session<nil>
    single/player.go:83(yanglao/single.(*PlayerManager).GetByRequest)
2022-10-08/19:52:23 [Error] GetClientsHandler not find player by cookie
    controller/getclientshandler.go:30(yanglao/controller.GetClientsHandler)
2022-10-08/19:52:23 [Info] GetByRequest&{POST /getclients HTTP/1.1 1 1 map[Accept:[application/json, text/javascript, */*; q=0.01] Accept-Encoding:[gzip, deflate, br] Accept-Language:[zh-CN,zh;q=0.9] Access-Control-Allow-Origin:[http://localhost] Connection:[keep-alive] Content-Length:[15] Content-Type:[application/json;charset=utf-8] Cookie:[Hm_lvt_b393d153aeb26b46e9431fabaf0f6190=1664636223,1664876271; bm-cookie=SdpBXV4CRovlaRBmx4m0Bd_KbY1QgDz_4AF8K90VraA%3D] Origin:[http://localhost] Referer:[http://localhost/yanglao/admin/client-list.html] Sec-Fetch-Dest:[empty] Sec-Fetch-Mode:[cors] Sec-Fetch-Site:[same-site] User-Agent:[Mozilla/5.0 (Windows NT 6.1; WOW64) AppleWebKit/537.36 (KHTML, like Gecko) Chrome/86.0.4240.198 Safari/537.36]] 0xc00020a240 <nil> 15 [] false localhost:8001 map[limit:[10] page:[1]] map[limit:[10] page:[1]] <nil> map[] [::1]:53889 /getclients <nil> <nil> <nil> 0xc00020a280}
    single/session.go:293(yanglao/single.(*SessionManager).GetByRequest)
2022-10-08/19:52:23 [Info] GetByRequest cookie 1bm-cookie=SdpBXV4CRovlaRBmx4m0Bd_KbY1QgDz_4AF8K90VraA%3D
    single/session.go:295(yanglao/single.(*SessionManager).GetByRequest)
2022-10-08/19:52:23 [Info] GetByRequest cookie 2SdpBXV4CRovlaRBmx4m0Bd_KbY1QgDz_4AF8K90VraA=
    single/session.go:300(yanglao/single.(*SessionManager).GetByRequest)
2022-10-08/19:52:23 [Info] GetByRequest session&{SdpBXV4CRovlaRBmx4m0Bd_KbY1QgDz_4AF8K90VraA= {0 0} {13891483883549302540 6094790602101 0xd29c60} map[account:11111]}
    single/player.go:83(yanglao/single.(*PlayerManager).GetByRequest)
2022-10-08/19:53:14 [Info] GetByRequest&{OPTIONS /getclients HTTP/1.1 1 1 map[Accept:[*/*] Accept-Encoding:[gzip, deflate, br] Accept-Language:[zh-CN,zh;q=0.9] Access-Control-Request-Headers:[access-control-allow-origin] Access-Control-Request-Method:[POST] Cache-Control:[no-cache] Connection:[keep-alive] Content-Type:[application/json;charset=utf-8] Origin:[http://localhost] Pragma:[no-cache] Referer:[http://localhost/yanglao/admin/client-list.html] Sec-Fetch-Dest:[empty] Sec-Fetch-Mode:[cors] Sec-Fetch-Site:[same-site] User-Agent:[Mozilla/5.0 (Windows NT 6.1; WOW64) AppleWebKit/537.36 (KHTML, like Gecko) Chrome/86.0.4240.198 Safari/537.36]] {} <nil> 0 [] false localhost:8001 map[] map[] <nil> map[] [::1]:53888 /getclients <nil> <nil> <nil> 0xc00020a040}
    single/session.go:293(yanglao/single.(*SessionManager).GetByRequest)
2022-10-08/19:53:14 [Info] GetByRequest cookie 1
    single/session.go:295(yanglao/single.(*SessionManager).GetByRequest)
2022-10-08/19:53:14 [Info] GetByRequest session<nil>
    single/player.go:83(yanglao/single.(*PlayerManager).GetByRequest)
2022-10-08/19:53:14 [Error] GetClientsHandler not find player by cookie
    controller/getclientshandler.go:30(yanglao/controller.GetClientsHandler)
2022-10-08/19:53:14 [Info] GetByRequest&{POST /getclients HTTP/1.1 1 1 map[Accept:[application/json, text/javascript, */*; q=0.01] Accept-Encoding:[gzip, deflate, br] Accept-Language:[zh-CN,zh;q=0.9] Access-Control-Allow-Origin:[http://localhost] Cache-Control:[no-cache] Connection:[keep-alive] Content-Length:[15] Content-Type:[application/json;charset=utf-8] Cookie:[Hm_lvt_b393d153aeb26b46e9431fabaf0f6190=1664636223,1664876271; bm-cookie=SdpBXV4CRovlaRBmx4m0Bd_KbY1QgDz_4AF8K90VraA%3D] Origin:[http://localhost] Pragma:[no-cache] Referer:[http://localhost/yanglao/admin/client-list.html] Sec-Fetch-Dest:[empty] Sec-Fetch-Mode:[cors] Sec-Fetch-Site:[same-site] User-Agent:[Mozilla/5.0 (Windows NT 6.1; WOW64) AppleWebKit/537.36 (KHTML, like Gecko) Chrome/86.0.4240.198 Safari/537.36]] 0xc00020a100 <nil> 15 [] false localhost:8001 map[limit:[10] page:[1]] map[limit:[10] page:[1]] <nil> map[] [::1]:53889 /getclients <nil> <nil> <nil> 0xc00020a140}
    single/session.go:293(yanglao/single.(*SessionManager).GetByRequest)
2022-10-08/19:53:14 [Info] GetByRequest cookie 1bm-cookie=SdpBXV4CRovlaRBmx4m0Bd_KbY1QgDz_4AF8K90VraA%3D
    single/session.go:295(yanglao/single.(*SessionManager).GetByRequest)
2022-10-08/19:53:14 [Info] GetByRequest cookie 2SdpBXV4CRovlaRBmx4m0Bd_KbY1QgDz_4AF8K90VraA=
    single/session.go:300(yanglao/single.(*SessionManager).GetByRequest)
2022-10-08/19:53:14 [Info] GetByRequest session&{SdpBXV4CRovlaRBmx4m0Bd_KbY1QgDz_4AF8K90VraA= {0 0} {13891483938053037864 6145533504401 0xd29c60} map[account:11111]}
    single/player.go:83(yanglao/single.(*PlayerManager).GetByRequest)
2022-10-08/19:53:45 [Info] GetByRequest&{OPTIONS /getclients HTTP/1.1 1 1 map[Accept:[*/*] Accept-Encoding:[gzip, deflate, br] Accept-Language:[zh-CN,zh;q=0.9] Access-Control-Request-Headers:[access-control-allow-origin] Access-Control-Request-Method:[POST] Cache-Control:[no-cache] Connection:[keep-alive] Content-Type:[application/json;charset=utf-8] Origin:[http://localhost] Pragma:[no-cache] Referer:[http://localhost/yanglao/admin/client-list.html] Sec-Fetch-Dest:[empty] Sec-Fetch-Mode:[cors] Sec-Fetch-Site:[same-site] User-Agent:[Mozilla/5.0 (Windows NT 6.1; WOW64) AppleWebKit/537.36 (KHTML, like Gecko) Chrome/86.0.4240.198 Safari/537.36]] {} <nil> 0 [] false localhost:8001 map[] map[] <nil> map[] [::1]:53888 /getclients <nil> <nil> <nil> 0xc00020a2c0}
    single/session.go:293(yanglao/single.(*SessionManager).GetByRequest)
2022-10-08/19:53:45 [Info] GetByRequest cookie 1
    single/session.go:295(yanglao/single.(*SessionManager).GetByRequest)
2022-10-08/19:53:45 [Info] GetByRequest session<nil>
    single/player.go:83(yanglao/single.(*PlayerManager).GetByRequest)
2022-10-08/19:53:45 [Error] GetClientsHandler not find player by cookie
    controller/getclientshandler.go:30(yanglao/controller.GetClientsHandler)
2022-10-08/19:53:45 [Info] GetByRequest&{POST /getclients HTTP/1.1 1 1 map[Accept:[application/json, text/javascript, */*; q=0.01] Accept-Encoding:[gzip, deflate, br] Accept-Language:[zh-CN,zh;q=0.9] Access-Control-Allow-Origin:[http://localhost] Cache-Control:[no-cache] Connection:[keep-alive] Content-Length:[15] Content-Type:[application/json;charset=utf-8] Cookie:[Hm_lvt_b393d153aeb26b46e9431fabaf0f6190=1664636223,1664876271; bm-cookie=SdpBXV4CRovlaRBmx4m0Bd_KbY1QgDz_4AF8K90VraA%3D] Origin:[http://localhost] Pragma:[no-cache] Referer:[http://localhost/yanglao/admin/client-list.html] Sec-Fetch-Dest:[empty] Sec-Fetch-Mode:[cors] Sec-Fetch-Site:[same-site] User-Agent:[Mozilla/5.0 (Windows NT 6.1; WOW64) AppleWebKit/537.36 (KHTML, like Gecko) Chrome/86.0.4240.198 Safari/537.36]] 0xc00009c5c0 <nil> 15 [] false localhost:8001 map[limit:[10] page:[1]] map[limit:[10] page:[1]] <nil> map[] [::1]:53889 /getclients <nil> <nil> <nil> 0xc00009c680}
    single/session.go:293(yanglao/single.(*SessionManager).GetByRequest)
2022-10-08/19:53:45 [Info] GetByRequest cookie 1bm-cookie=SdpBXV4CRovlaRBmx4m0Bd_KbY1QgDz_4AF8K90VraA%3D
    single/session.go:295(yanglao/single.(*SessionManager).GetByRequest)
2022-10-08/19:53:45 [Info] GetByRequest cookie 2SdpBXV4CRovlaRBmx4m0Bd_KbY1QgDz_4AF8K90VraA=
    single/session.go:300(yanglao/single.(*SessionManager).GetByRequest)
2022-10-08/19:53:45 [Info] GetByRequest session&{SdpBXV4CRovlaRBmx4m0Bd_KbY1QgDz_4AF8K90VraA= {0 0} {13891483971853837008 6177048307001 0xd29c60} map[account:11111]}
    single/player.go:83(yanglao/single.(*PlayerManager).GetByRequest)
2022-10-08/19:55:02 [Info] GetByRequest&{OPTIONS /getclients HTTP/1.1 1 1 map[Accept:[*/*] Accept-Encoding:[gzip, deflate, br] Accept-Language:[zh-CN,zh;q=0.9] Access-Control-Request-Headers:[access-control-allow-origin] Access-Control-Request-Method:[POST] Connection:[keep-alive] Content-Type:[application/json;charset=utf-8] Origin:[http://localhost] Referer:[http://localhost/yanglao/admin/client-list.html] Sec-Fetch-Dest:[empty] Sec-Fetch-Mode:[cors] Sec-Fetch-Site:[same-site] User-Agent:[Mozilla/5.0 (Windows NT 6.1; WOW64) AppleWebKit/537.36 (KHTML, like Gecko) Chrome/86.0.4240.198 Safari/537.36]] {} <nil> 0 [] false localhost:8001 map[] map[] <nil> map[] [::1]:53888 /getclients <nil> <nil> <nil> 0xc00020a040}
    single/session.go:293(yanglao/single.(*SessionManager).GetByRequest)
2022-10-08/19:55:02 [Info] GetByRequest cookie 1
    single/session.go:295(yanglao/single.(*SessionManager).GetByRequest)
2022-10-08/19:55:02 [Info] GetByRequest session<nil>
    single/player.go:83(yanglao/single.(*PlayerManager).GetByRequest)
2022-10-08/19:55:02 [Error] GetClientsHandler not find player by cookie
    controller/getclientshandler.go:30(yanglao/controller.GetClientsHandler)
2022-10-08/19:55:02 [Info] GetByRequest&{POST /getclients HTTP/1.1 1 1 map[Accept:[application/json, text/javascript, */*; q=0.01] Accept-Encoding:[gzip, deflate, br] Accept-Language:[zh-CN,zh;q=0.9] Access-Control-Allow-Origin:[http://localhost] Connection:[keep-alive] Content-Length:[15] Content-Type:[application/json;charset=utf-8] Cookie:[Hm_lvt_b393d153aeb26b46e9431fabaf0f6190=1664636223,1664876271; bm-cookie=SdpBXV4CRovlaRBmx4m0Bd_KbY1QgDz_4AF8K90VraA%3D] Origin:[http://localhost] Referer:[http://localhost/yanglao/admin/client-list.html] Sec-Fetch-Dest:[empty] Sec-Fetch-Mode:[cors] Sec-Fetch-Site:[same-site] User-Agent:[Mozilla/5.0 (Windows NT 6.1; WOW64) AppleWebKit/537.36 (KHTML, like Gecko) Chrome/86.0.4240.198 Safari/537.36]] 0xc00004a000 <nil> 15 [] false localhost:8001 map[limit:[10] page:[1]] map[limit:[10] page:[1]] <nil> map[] [::1]:53889 /getclients <nil> <nil> <nil> 0xc00004a040}
    single/session.go:293(yanglao/single.(*SessionManager).GetByRequest)
2022-10-08/19:55:02 [Info] GetByRequest cookie 1bm-cookie=SdpBXV4CRovlaRBmx4m0Bd_KbY1QgDz_4AF8K90VraA%3D
    single/session.go:295(yanglao/single.(*SessionManager).GetByRequest)
2022-10-08/19:55:02 [Info] GetByRequest cookie 2SdpBXV4CRovlaRBmx4m0Bd_KbY1QgDz_4AF8K90VraA=
    single/session.go:300(yanglao/single.(*SessionManager).GetByRequest)
2022-10-08/19:55:02 [Info] GetByRequest session&{SdpBXV4CRovlaRBmx4m0Bd_KbY1QgDz_4AF8K90VraA= {0 0} {13891484053974329656 6253490679201 0xd29c60} map[account:11111]}
    single/player.go:83(yanglao/single.(*PlayerManager).GetByRequest)
